<?xml version="1.0" encoding="UTF-8"?>
<!-- Generated by org.testng.reporters.JUnitReportReporter -->
<testsuite hostname="DESKTOP-QG8CIRA" failures="0" tests="3" name="orangeHRMTests.OrangeHRMLoginTest" time="2.229" errors="0" timestamp="2024-01-28T01:10:41 IST" skipped="0">
  <testcase classname="orangeHRMTests.OrangeHRMLoginTest" name="provideUserName" time="2.110"/>
  <system-out/>
  <testcase classname="orangeHRMTests.OrangeHRMLoginTest" name="providePassword" time="0.068"/>
  <system-out/>
  <testcase classname="orangeHRMTests.OrangeHRMLoginTest" name="clickOnLoginButton" time="0.051"/>
  <system-out/>
</testsuite> <!-- orangeHRMTests.OrangeHRMLoginTest -->
