<?xml version="1.0" encoding="UTF-8"?>
<!-- Generated by org.testng.reporters.JUnitReportReporter -->
<testsuite hostname="DESKTOP-QG8CIRA" failures="0" tests="4" name="orangeHRMTests.AdminUserCreationTest" time="16.861" errors="0" timestamp="2024-01-28T01:10:41 IST" skipped="0">
  <testcase classname="orangeHRMTests.AdminUserCreationTest" name="clickOnAdmin" time="3.859"/>
  <system-out/>
  <testcase classname="orangeHRMTests.AdminUserCreationTest" name="clickOnAddButton" time="3.472"/>
  <system-out/>
  <testcase classname="orangeHRMTests.AdminUserCreationTest" name="provideUserDetails" time="7.448"/>
  <system-out/>
  <testcase classname="orangeHRMTests.AdminUserCreationTest" name="clickOnSaveButton" time="2.082"/>
  <system-out/>
</testsuite> <!-- orangeHRMTests.AdminUserCreationTest -->
